<?xml version="1.0" encoding="UTF-8"?><testsuite errors="0" failures="1" name="Employee Details" skipped="0" tests="2" time="3.2" timestamp="2024-05-29 09:19:14"><testcase name="Send a Request to get valid user details"/><testcase name="Send a Request to get invalid user details"><failure message="1 expectation failed.&#10;XML path status doesn't match.&#10;Expected: success&#10;  Actual: &lt;nullnullToo Many Requestsnullnull&#10;            html, body {&#10;                background-color: #fff;&#10;                color: #636b6f;&#10;                font-family: 'Nunito', sans-serif;&#10;                font-weight: 100;&#10;                height: 100vh;&#10;                margin: 0;&#10;            }&#10;&#10;            .full-height {&#10;                height: 100vh;&#10;            }&#10;&#10;            .flex-center {&#10;                align-items: center;&#10;                display: flex;&#10;                justify-content: center;&#10;            }&#10;&#10;            .position-ref {&#10;                position: relative;&#10;            }&#10;&#10;            .code {&#10;                border-right: 2px solid;&#10;                font-size: 26px;&#10;                padding: 0 15px 0 15px;&#10;                text-align: center;&#10;            }&#10;&#10;            .message {&#10;                font-size: 18px;&#10;                text-align: center;&#10;            }&#10;        &#10;                429            &#10;                Too Many Requests            &gt;&#10;" type="java.lang.AssertionError">1 expectation failed.
XML path status doesn't match.
Expected: success
  Actual: &lt;nullnullToo Many Requestsnullnull
            html, body {
                background-color: #fff;
                color: #636b6f;
                font-family: 'Nunito', sans-serif;
                font-weight: 100;
                height: 100vh;
                margin: 0;
            }

            .full-height {
                height: 100vh;
            }

            .flex-center {
                align-items: center;
                display: flex;
                justify-content: center;
            }

            .position-ref {
                position: relative;
            }

            .code {
                border-right: 2px solid;
                font-size: 26px;
                padding: 0 15px 0 15px;
                text-align: center;
            }

            .message {
                font-size: 18px;
                text-align: center;
            }
        
                429            
                Too Many Requests            &gt;
</failure><system-err>1 expectation failed.
XML path status doesn't match.
Expected: success
  Actual: &lt;nullnullToo Many Requestsnullnull
            html, body {
                background-color: #fff;
                color: #636b6f;
                font-family: 'Nunito', sans-serif;
                font-weight: 100;
                height: 100vh;
                margin: 0;
            }

            .full-height {
                height: 100vh;
            }

            .flex-center {
                align-items: center;
                display: flex;
                justify-content: center;
            }

            .position-ref {
                position: relative;
            }

            .code {
                border-right: 2px solid;
                font-size: 26px;
                padding: 0 15px 0 15px;
                text-align: center;
            }

            .message {
                font-size: 18px;
                text-align: center;
            }
        
                429            
                Too Many Requests            &gt;
&#13;
io.restassured.internal.ResponseSpecificationImpl.validateResponseIfRequired(ResponseSpecificationImpl.groovy:674)&#13;
io.restassured.internal.ResponseSpecificationImpl.body(ResponseSpecificationImpl.groovy:261)&#13;
io.restassured.internal.ResponseSpecificationImpl.body(ResponseSpecificationImpl.groovy:108)&#13;
io.restassured.internal.ValidatableResponseOptionsImpl.body(ValidatableResponseOptionsImpl.java:244)&#13;
io.restassured.internal.ValidatableResponseImpl.super$2$body(ValidatableResponseImpl.groovy)&#13;
groovy.lang.MetaMethod.doMethodInvoke(MetaMethod.java:323)&#13;
groovy.lang.MetaClassImpl.invokeMethod(MetaClassImpl.java:1268)&#13;
io.restassured.internal.ValidatableResponseImpl.body(ValidatableResponseImpl.groovy:298)&#13;
io.restassured.internal.ValidatableResponseImpl.body(ValidatableResponseImpl.groovy)&#13;
steps.EmployeeDefinitions.lambda$verifyInvalidUser$1(EmployeeDefinitions.java:32)&#13;
net.serenitybdd.rest.SerenityRest.restAssuredThat(SerenityRest.java:626)&#13;
steps.EmployeeDefinitions.verifyInvalidUser(EmployeeDefinitions.java:31)&#13;
✽.the response will return statuscode 429 and status 'success' and and message 'Successfully! Record has been fetched.'(file:///C:/Users/Matias/Desktop/yellow-pepper-assessment4/src/test/resources/features/Employee.feature:17)&#13;
</system-err></testcase></testsuite>